========================================
  运行AI开发者盈利案例追踪
  Mon Feb  2 06:00:01 AM CST 2026
========================================
======================================================================
  AI开发者盈利案例追踪系统 v2.0
======================================================================

✅ 优化报告已生成:
   reports/2026-02/02/AI_INCOME_REPORT_2026-02-02.md
[main 6a8bdd0] Update: AI Income Tracker - 2026-02-02 06:00
 2 files changed, 14 insertions(+), 4 deletions(-)
 create mode 100644 cron.log
To https://github.com/lawrencezcl/ai-developer-income-tracker.git
   16c2bc5..6a8bdd0  main -> main
========================================
  完成!
========================================
========================================
  运行AI开发者盈利案例追踪
  Mon Feb  2 12:00:01 PM CST 2026
========================================
======================================================================
  AI开发者盈利案例追踪系统 v2.0
======================================================================

✅ 优化报告已生成:
   reports/2026-02/02/AI_INCOME_REPORT_2026-02-02.md
